\BOOKMARK [0][-]{section*.3}{\376\377\000B\000i\000l\000a\000n\000\040\000T\000e\000c\000h\000n\000i\000q\000u\000e}{}% 1
\BOOKMARK [0][-]{section*.5}{\376\377\000I\000n\000t\000r\000o\000d\000u\000c\000t\000i\000o\000n}{}% 2
\BOOKMARK [0][-]{chapter.1}{\376\377\000L\000e\000\040\000C\000E\000R\000F\000A\000C\000S}{}% 3
\BOOKMARK [0][-]{chapter.2}{\376\377\000P\000r\000\351\000s\000e\000n\000t\000a\000t\000i\000o\000n\000\040\000d\000u\000\040\000s\000t\000a\000g\000e}{}% 4
\BOOKMARK [1][-]{section.2.1}{\376\377\000M\000i\000s\000s\000i\000o\000n\000\040\0001\000\040\000:\000\040\000R\000e\000c\000h\000e\000r\000c\000h\000e\000\040\000l\000e\000s\000\040\000d\000i\000f\000f\000\351\000r\000e\000n\000t\000e\000s\000\040\000m\000\351\000t\000h\000o\000d\000e\000s\000\040\000d\000'\000i\000n\000t\000e\000r\000p\000o\000l\000a\000t\000i\000o\000n}{chapter.2}% 5
\BOOKMARK [2][-]{subsection.2.1.1}{\376\377\000L\000'\000i\000n\000t\000e\000r\000p\000o\000l\000a\000t\000i\000o\000n\000\040\000p\000a\000r\000\040\000v\000o\000i\000s\000i\000n\000\040\000l\000e\000\040\000p\000l\000u\000s\000\040\000p\000r\000o\000c\000h\000e}{section.2.1}% 6
\BOOKMARK [2][-]{subsection.2.1.2}{\376\377\000L\000'\000i\000n\000t\000e\000r\000p\000o\000l\000a\000t\000i\000o\000n\000\040\000I\000D\000W}{section.2.1}% 7
\BOOKMARK [2][-]{subsection.2.1.3}{\376\377\000L\000'\000i\000n\000t\000e\000r\000p\000o\000l\000a\000t\000i\000o\000n\000\040\000p\000o\000l\000y\000n\000o\000m\000i\000a\000l\000e}{section.2.1}% 8
\BOOKMARK [2][-]{subsection.2.1.4}{\376\377\000L\000'\000i\000n\000t\000e\000r\000p\000o\000l\000a\000t\000i\000o\000n\000\040\000p\000a\000r\000\040\000S\000p\000l\000i\000n\000e\000s}{section.2.1}% 9
\BOOKMARK [2][-]{subsection.2.1.5}{\376\377\000M\000\351\000t\000h\000o\000d\000e\000s\000\040\000g\000\351\000o\000s\000t\000a\000t\000i\000q\000u\000e\000s}{section.2.1}% 10
\BOOKMARK [2][-]{subsection.2.1.6}{\376\377\000M\000\351\000t\000h\000o\000d\000e\000\040\000p\000a\000r\000\040\000m\000o\000i\000n\000d\000r\000e\000s\000\040\000c\000a\000r\000r\000\351\000s}{section.2.1}% 11
\BOOKMARK [2][-]{subsection.2.1.7}{\376\377\000M\000I\000S\000C\000O\000G}{section.2.1}% 12
\BOOKMARK [2][-]{subsection.2.1.8}{\376\377\000L\000'\000i\000n\000t\000e\000r\000p\000o\000l\000a\000t\000i\000o\000n\000\040\000l\000i\000n\000\351\000a\000i\000r\000e}{section.2.1}% 13
\BOOKMARK [2][-]{subsection.2.1.9}{\376\377\000R\000\351\000s\000u\000m\000\351\000\040\000d\000e\000s\000\040\000s\000i\000m\000i\000l\000i\000t\000u\000d\000e\000s\000\040\000e\000t\000\040\000d\000i\000f\000f\000\351\000r\000e\000n\000c\000e\000s\000\040\000d\000e\000s\000\040\000d\000i\000f\000f\000\351\000r\000e\000n\000t\000e\000s\000\040\000m\000\351\000t\000h\000o\000d\000e\000s}{section.2.1}% 14
\BOOKMARK [1][-]{section.2.2}{\376\377\000M\000i\000s\000s\000i\000o\000n\000\040\0002\000\040\000:\000\040\000I\000m\000p\000l\000\351\000m\000e\000n\000t\000e\000r\000\040\000l\000a\000\040\000m\000\351\000t\000h\000o\000d\000e\000\040\000t\000r\000i\000l\000i\000n\000\351\000a\000i\000r\000e}{chapter.2}% 15
\BOOKMARK [2][-]{subsection.2.2.1}{\376\377\000L\000a\000\040\000s\000t\000r\000u\000c\000t\000u\000r\000e\000\040\000g\000\351\000n\000\351\000r\000a\000l\000e\000\040\000d\000u\000\040\000c\000o\000d\000e\000\040\000T\000r\000e\000a\000t\000m\000e\000n\000t\000I\000n\000t\000e\000r\000p\000o\000l\000a\000t\000i\000o\000n}{section.2.2}% 16
\BOOKMARK [2][-]{subsection.2.2.2}{\376\377\000L\000'\000a\000l\000g\000o\000r\000i\000t\000h\000m\000e}{section.2.2}% 17
\BOOKMARK [2][-]{subsection.2.2.3}{\376\377\000.\000.\000.}{section.2.2}% 18
\BOOKMARK [2][-]{subsection.2.2.4}{\376\377\000L\000e\000s\000\040\000d\000i\000f\000f\000i\000c\000u\000l\000t\000\351\000s}{section.2.2}% 19
\BOOKMARK [2][-]{subsection.2.2.5}{\376\377\000L\000e\000\040\000r\000\351\000s\000u\000l\000t\000a\000t}{section.2.2}% 20
\BOOKMARK [1][-]{section.2.3}{\376\377\000M\000i\000s\000s\000i\000o\000n\000\040\0003\000\040\000:\000\040\000T\000e\000s\000t\000e\000r\000\040\000s\000u\000r\000\040\000d\000e\000s\000\040\000c\000a\000s\000\040\000d\000'\000a\000\351\000r\000o\000a\000c\000o\000u\000s\000t\000i\000q\000u\000e}{chapter.2}% 21
\BOOKMARK [2][-]{subsection.2.3.1}{\376\377\000T\000e\000s\000t\000s\000\040\000s\000u\000r\000\040\000l\000e\000s\000\040\000p\000a\000r\000a\000m\000\350\000t\000r\000e\000s\000\040\000d\000e\000\040\000l\000a\000\040\000m\000\351\000t\000h\000o\000d\000e\000\040\000I\000D\000W}{section.2.3}% 22
\BOOKMARK [2][-]{subsection.2.3.2}{\376\377\000D\000i\000s\000c\000r\000\351\000t\000i\000s\000a\000t\000i\000o\000n\000\040\000s\000p\000a\000t\000i\000a\000l\000e\000\040\000e\000t\000\040\000r\000\351\000s\000o\000l\000u\000t\000i\000o\000n\000\040\000d\000u\000\040\000p\000r\000o\000b\000l\000\350\000m\000e}{section.2.3}% 23
\BOOKMARK [0][-]{chapter*.8}{\376\377\000C\000o\000n\000c\000l\000u\000s\000i\000o\000n}{}% 24
\BOOKMARK [0][-]{chapter*.8}{\376\377\000A\000n\000n\000e\000x\000e\000s}{}% 25
\BOOKMARK [0][-]{chapter*.9}{\376\377\000B\000i\000b\000l\000i\000o\000g\000r\000a\000p\000h\000i\000e}{}% 26
